[2020-05-25T15:52:13.840Z][QUERY]: SELECT * FROM `INFORMATION_SCHEMA`.`COLUMNS` WHERE `TABLE_SCHEMA` = 'app_db' AND `TABLE_NAME` = 'migrations'
[2020-05-25T15:52:13.942Z][QUERY]: SELECT * FROM `app_db`.`migrations` `migrations` ORDER BY `id` DESC
[2020-05-25T15:52:13.974Z]0 migrations are already loaded in the database.
[2020-05-25T15:52:13.975Z]3 migrations were found in the source code.
[2020-05-25T15:52:13.975Z]3 migrations are new migrations that needs to be executed.
[2020-05-25T15:52:13.976Z][QUERY]: START TRANSACTION
[2020-05-25T15:52:13.982Z][QUERY]: INSERT INTO `app_db`.`migrations`(`timestamp`, `name`) VALUES (?, ?) -- PARAMETERS: [1590412970035,"Migration21590412970035"]
[2020-05-25T15:52:14.050Z]Migration Migration21590412970035 has been executed successfully.
[2020-05-25T15:52:14.052Z][QUERY]: CREATE TABLE `forms` (`id` int NOT NULL AUTO_INCREMENT, `title` varchar(150) NOT NULL, `description` text NULL, `shortDescription` text NULL, `enabled` tinyint NOT NULL DEFAULT 0, `publishedAt` timestamp NULL, `createdAt` datetime(6) NOT NULL DEFAULT CURRENT_TIMESTAMP(6), `updatedAt` datetime(6) NOT NULL DEFAULT CURRENT_TIMESTAMP(6), `metaTitle` varchar(150) NULL, `metaDescription` varchar(150) NULL, `metaRobots` varchar(150) NULL, `metaYandex` varchar(150) NULL, `metaGooglebot` varchar(150) NULL, `metaGoogle` varchar(150) NULL, `metaGooglesiteverification` varchar(150) NULL, PRIMARY KEY (`id`)) ENGINE=InnoDB
[2020-05-25T15:52:15.720Z][QUERY]: INSERT INTO `app_db`.`migrations`(`timestamp`, `name`) VALUES (?, ?) -- PARAMETERS: [1590413081046,"TestMigrate1590413081046"]
[2020-05-25T15:52:15.837Z]Migration TestMigrate1590413081046 has been executed successfully.
[2020-05-25T15:52:15.838Z][QUERY]: CREATE TABLE `forms` (`id` int NOT NULL AUTO_INCREMENT, `title` varchar(150) NOT NULL, `description` text NULL, `shortDescription` text NULL, `enabled` tinyint NOT NULL DEFAULT 0, `publishedAt` timestamp NULL, `createdAt` datetime(6) NOT NULL DEFAULT CURRENT_TIMESTAMP(6), `updatedAt` datetime(6) NOT NULL DEFAULT CURRENT_TIMESTAMP(6), `metaTitle` varchar(150) NULL, `metaDescription` varchar(150) NULL, `metaRobots` varchar(150) NULL, `metaYandex` varchar(150) NULL, `metaGooglebot` varchar(150) NULL, `metaGoogle` varchar(150) NULL, `metaGooglesiteverification` varchar(150) NULL, PRIMARY KEY (`id`)) ENGINE=InnoDB
[2020-05-25T15:52:16.003Z][FAILED QUERY]: CREATE TABLE `forms` (`id` int NOT NULL AUTO_INCREMENT, `title` varchar(150) NOT NULL, `description` text NULL, `shortDescription` text NULL, `enabled` tinyint NOT NULL DEFAULT 0, `publishedAt` timestamp NULL, `createdAt` datetime(6) NOT NULL DEFAULT CURRENT_TIMESTAMP(6), `updatedAt` datetime(6) NOT NULL DEFAULT CURRENT_TIMESTAMP(6), `metaTitle` varchar(150) NULL, `metaDescription` varchar(150) NULL, `metaRobots` varchar(150) NULL, `metaYandex` varchar(150) NULL, `metaGooglebot` varchar(150) NULL, `metaGoogle` varchar(150) NULL, `metaGooglesiteverification` varchar(150) NULL, PRIMARY KEY (`id`)) ENGINE=InnoDB
[2020-05-25T15:52:16.003Z][QUERY ERROR]: Error: Table 'forms' already exists
[2020-05-25T15:52:16.008Z][QUERY]: ROLLBACK
[2020-05-25T15:54:53.135Z][QUERY]: SELECT * FROM `INFORMATION_SCHEMA`.`COLUMNS` WHERE `TABLE_SCHEMA` = 'app_db' AND `TABLE_NAME` = 'migrations'
[2020-05-25T15:54:53.245Z][QUERY]: SELECT * FROM `app_db`.`migrations` `migrations` ORDER BY `id` DESC
[2020-05-25T16:05:20.705Z][QUERY]: SELECT * FROM `INFORMATION_SCHEMA`.`COLUMNS` WHERE `TABLE_SCHEMA` = 'app_db' AND `TABLE_NAME` = 'migrations'
[2020-05-25T16:05:20.804Z][QUERY]: CREATE TABLE `app_db`.`migrations` (`id` int NOT NULL AUTO_INCREMENT, `timestamp` bigint NOT NULL, `name` varchar(255) NOT NULL, PRIMARY KEY (`id`)) ENGINE=InnoDB
[2020-05-25T16:05:22.000Z][QUERY]: SELECT * FROM `app_db`.`migrations` `migrations` ORDER BY `id` DESC
[2020-05-25T16:05:22.007Z]0 migrations are already loaded in the database.
[2020-05-25T16:05:22.007Z]1 migrations were found in the source code.
[2020-05-25T16:05:22.008Z]1 migrations are new migrations that needs to be executed.
[2020-05-25T16:05:22.008Z][QUERY]: START TRANSACTION
[2020-05-25T16:05:22.011Z][QUERY]: CREATE TABLE `forms` (`id` int NOT NULL AUTO_INCREMENT, `title` varchar(150) NOT NULL, `description` text NULL, `shortDescription` text NULL, `enabled` tinyint NOT NULL DEFAULT 0, `publishedAt` timestamp NULL, `createdAt` datetime(6) NOT NULL DEFAULT CURRENT_TIMESTAMP(6), `updatedAt` datetime(6) NOT NULL DEFAULT CURRENT_TIMESTAMP(6), `metaTitle` varchar(150) NULL, `metaDescription` varchar(150) NULL, `metaRobots` varchar(150) NULL, `metaYandex` varchar(150) NULL, `metaGooglebot` varchar(150) NULL, `metaGoogle` varchar(150) NULL, `metaGooglesiteverification` varchar(150) NULL, PRIMARY KEY (`id`)) ENGINE=InnoDB
[2020-05-25T16:05:23.205Z][QUERY]: INSERT INTO `app_db`.`migrations`(`timestamp`, `name`) VALUES (?, ?) -- PARAMETERS: [1590422664469,"FirstGenerateMigrations1590422664469"]
[2020-05-25T16:05:23.320Z]Migration FirstGenerateMigrations1590422664469 has been executed successfully.
[2020-05-25T16:05:23.322Z][QUERY]: COMMIT
[2020-05-25T16:36:45.903Z][QUERY]: SELECT * FROM `INFORMATION_SCHEMA`.`COLUMNS` WHERE `TABLE_SCHEMA` = 'app_db' AND `TABLE_NAME` = 'migrations'
[2020-05-25T16:36:45.965Z][QUERY]: SELECT * FROM `app_db`.`migrations` `migrations` ORDER BY `id` DESC
[2020-05-25T16:36:46.002Z]1 migrations are already loaded in the database.
[2020-05-25T16:36:46.033Z]FirstGenerateMigrations1590422664469 is the last executed migration. It was executed on Mon May 25 2020 19:04:24 GMT+0300 (GMT+03:00).
[2020-05-25T16:36:46.034Z]Now reverting it...
[2020-05-25T16:36:46.036Z][QUERY]: START TRANSACTION
[2020-05-25T16:36:46.042Z][QUERY]: DROP TABLE `forms`
[2020-05-25T16:36:46.900Z][QUERY]: DELETE FROM `app_db`.`migrations` WHERE `timestamp` = ? AND `name` = ? -- PARAMETERS: [1590422664469,"FirstGenerateMigrations1590422664469"]
[2020-05-25T16:36:47.059Z]Migration FirstGenerateMigrations1590422664469 has been reverted successfully.
[2020-05-25T16:36:47.060Z][QUERY]: COMMIT
[2020-05-25T16:37:15.418Z][QUERY]: SELECT * FROM `INFORMATION_SCHEMA`.`COLUMNS` WHERE `TABLE_SCHEMA` = 'app_db' AND `TABLE_NAME` = 'migrations'
[2020-05-25T16:37:15.432Z][QUERY]: SELECT * FROM `app_db`.`migrations` `migrations` ORDER BY `id` DESC
[2020-05-25T16:37:15.435Z]0 migrations are already loaded in the database.
[2020-05-25T16:37:15.436Z]1 migrations were found in the source code.
[2020-05-25T16:37:15.436Z]1 migrations are new migrations that needs to be executed.
[2020-05-25T16:37:15.437Z][QUERY]: START TRANSACTION
[2020-05-25T16:37:15.440Z][QUERY]: CREATE TABLE `forms` (`id` int NOT NULL AUTO_INCREMENT, `title` varchar(150) NOT NULL, `description` text NULL, `shortDescription` text NULL, `enabled` tinyint NOT NULL DEFAULT 0, `publishedAt` timestamp NULL, `createdAt` datetime(6) NOT NULL DEFAULT CURRENT_TIMESTAMP(6), `updatedAt` datetime(6) NOT NULL DEFAULT CURRENT_TIMESTAMP(6), `metaTitle` varchar(150) NULL, `metaDescription` varchar(150) NULL, `metaRobots` varchar(150) NULL, `metaYandex` varchar(150) NULL, `metaGooglebot` varchar(150) NULL, `metaGoogle` varchar(150) NULL, `metaGooglesiteverification` varchar(150) NULL, PRIMARY KEY (`id`)) ENGINE=InnoDB
[2020-05-25T16:37:16.196Z][QUERY]: INSERT INTO `app_db`.`migrations`(`timestamp`, `name`) VALUES (?, ?) -- PARAMETERS: [1590422664469,"FirstGenerateMigrations1590422664469"]
[2020-05-25T16:37:16.406Z]Migration FirstGenerateMigrations1590422664469 has been executed successfully.
[2020-05-25T16:37:16.409Z][QUERY]: COMMIT
